h:\gitrepos\minecraft-crafting table\minecraft-crafting table\minecraft-crafting table\debug\minecraft-crafting table.pch
h:\gitrepos\minecraft-crafting table\minecraft-crafting table\minecraft-crafting table\debug\pch.obj
h:\gitrepos\minecraft-crafting table\minecraft-crafting table\minecraft-crafting table\debug\vc110.pdb
h:\gitrepos\minecraft-crafting table\minecraft-crafting table\minecraft-crafting table\debug\app.xaml.obj
h:\gitrepos\minecraft-crafting table\minecraft-crafting table\minecraft-crafting table\debug\mainpage.xaml.obj
h:\gitrepos\minecraft-crafting table\minecraft-crafting table\minecraft-crafting table\debug\xamltypeinfo.impl.g.obj
h:\gitrepos\minecraft-crafting table\minecraft-crafting table\minecraft-crafting table\debug\xamltypeinfo.g.obj
h:\gitrepos\minecraft-crafting table\minecraft-crafting table\debug\minecraft-crafting table\minecraft_crafting_table.winmd
h:\gitrepos\minecraft-crafting table\minecraft-crafting table\debug\minecraft-crafting table\minecraft-crafting table.ilk
h:\gitrepos\minecraft-crafting table\minecraft-crafting table\debug\minecraft-crafting table\minecraft-crafting table.exe
h:\gitrepos\minecraft-crafting table\minecraft-crafting table\debug\minecraft-crafting table\minecraft-crafting table.pdb
䡞尺楇剴灥獯䵜湩捥慲瑦挭慲瑦湩⁧慴汢履楍敮牣晡⵴牣晡楴杮琠扡敬䵜湩捥慲瑦挭慲瑦湩⁧慴汢履楍敮牣晡⵴牣晡楴杮琠扡敬瘮硣牰橯਍㩈䝜瑩敒潰屳楍敮牣晡⵴牣晡楴杮琠扡敬䵜湩捥慲瑦挭慲瑦湩⁧慴汢履敄畢屧楍敮牣晡⵴牣晡楴杮琠扡敬䵜湩捥慲瑦挭慲瑦湩⁧慴汢⹥楬ൢ䠊尺楇剴灥獯䵜湩捥慲瑦挭慲瑦湩⁧慴汢履楍敮牣晡⵴牣晡楴杮琠扡敬䑜扥杵䵜湩捥慲瑦挭慲瑦湩⁧慴汢履楍敮牣晡⵴牣晡楴杮琠扡敬攮灸਍䡞尺楇剴灥獯䵜湩捥慲瑦挭慲瑦湩⁧慴汢履楍敮牣晡⵴牣晡楴杮琠扡敬䵜湩捥慲瑦挭慲瑦湩⁧慴汢履楍敮牣晡⵴牣晡楴杮琠扡敬瘮硣牰橯਍㩈䝜瑩敒潰屳楍敮牣晡⵴牣晡楴杮琠扡敬䵜湩捥慲瑦挭慲瑦湩⁧慴汢履楍敮牣晡⵴牣晡楴杮琠扡敬䑜扥杵䵜湩捥慲瑦挭慲瑦湩⁧慴汢⹥捶灸潲剪獥汯敶獁敳扭祬敒敦敲据⹥慣档൥䠊尺楇剴灥獯䵜湩捥慲瑦挭慲瑦湩⁧慴汢履楍敮牣晡⵴牣晡楴杮琠扡敬䵜湩捥慲瑦挭慲瑦湩⁧慴汢履敇敮慲整⁤楆敬屳灁⹰⹧൨䠊尺楇剴灥獯䵜湩捥慲瑦挭慲瑦湩⁧慴汢履楍敮牣晡⵴牣晡楴杮琠扡敬䵜湩捥慲瑦挭慲瑦湩⁧慴汢履敇敮慲整⁤楆敬屳灁⹰⹧灨൰䠊尺楇剴灥獯䵜湩捥慲瑦挭慲瑦湩⁧慴汢履楍敮牣晡⵴牣晡楴杮琠扡敬䵜湩捥慲瑦挭慲瑦湩⁧慴汢履敇敮慲整⁤楆敬屳潃浭湯卜慴摮牡卤祴敬⹳⹧൨䠊尺楇剴灥獯䵜湩捥慲瑦挭慲瑦湩⁧慴汢履楍敮牣晡⵴牣晡楴杮琠扡敬䵜湩捥慲瑦挭慲瑦湩⁧慴汢履敇敮慲整⁤楆敬屳潃浭湯卜慴摮牡卤祴敬⹳⹧灨൰䠊尺楇剴灥獯䵜湩捥慲瑦挭慲瑦湩⁧慴汢履楍敮牣晡⵴牣晡楴杮琠扡敬䵜湩捥慲瑦挭慲瑦湩⁧慴汢履敇敮慲整⁤楆敬屳慍湩慐敧朮栮਍㩈䝜瑩敒潰屳楍敮牣晡⵴牣晡楴杮琠扡敬䵜湩捥慲瑦挭慲瑦湩⁧慴汢履楍敮牣晡⵴牣晡楴杮琠扡敬䝜湥牥瑡摥䘠汩獥塜浡䱬扩敍慴慤慴牐癯摩牥朮挮灰਍㩈䝜瑩敒潰屳楍敮牣晡⵴牣晡楴杮琠扡敬䵜湩捥慲瑦挭慲瑦湩⁧慴汢履楍敮牣晡⵴牣晡楴杮琠扡敬䝜湥牥瑡摥䘠汩獥塜浡呬灹䥥普⹯浉汰朮挮灰਍㩈䝜瑩敒潰屳楍敮牣晡⵴牣晡楴杮琠扡敬䵜湩捥慲瑦挭慲瑦湩⁧慴汢履楍敮牣晡⵴牣晡楴杮琠扡敬䝜湥牥瑡摥䘠汩獥䅜灰砮浡൬䠊尺楇剴灥獯䵜湩捥慲瑦挭慲瑦湩⁧慴汢履楍敮牣晡⵴牣晡楴杮琠扡敬䵜湩捥慲瑦挭慲瑦湩⁧慴汢履敇敮慲整⁤楆敬屳潃浭湯卜慴摮牡卤祴敬⹳慸汭਍㩈䝜瑩敒潰屳楍敮牣晡⵴牣晡楴杮琠扡敬䵜湩捥慲瑦挭慲瑦湩⁧慴汢履楍敮牣晡⵴牣晡楴杮琠扡敬䝜湥牥瑡摥䘠汩獥䵜楡偮条⹥慸汭਍㩈䝜瑩敒潰屳楍敮牣晡⵴牣晡楴杮琠扡敬䵜湩捥慲瑦挭慲瑦湩⁧慴汢履楍敮牣晡⵴牣晡楴杮琠扡敬䝜湥牥瑡摥䘠汩獥䅜灰朮栮灰਍㩈䝜瑩敒潰屳楍敮牣晡⵴牣晡楴杮琠扡敬䵜湩捥慲瑦挭慲瑦湩⁧慴汢履楍敮牣晡⵴牣晡楴杮琠扡敬䝜湥牥瑡摥䘠汩獥䍜浯潭屮瑓湡慤摲瑓汹獥朮栮灰਍㩈䝜瑩敒潰屳楍敮牣晡⵴牣晡楴杮琠扡敬䵜湩捥慲瑦挭慲瑦湩⁧慴汢履楍敮牣晡⵴牣晡楴杮琠扡敬䝜湥牥瑡摥䘠汩獥䵜楡偮条⹥⹧灨൰䠊尺楇剴灥獯䵜湩捥慲瑦挭慲瑦湩⁧慴汢履楍敮牣晡⵴牣晡楴杮琠扡敬䵜湩捥慲瑦挭慲瑦湩⁧慴汢履敇敮慲整⁤楆敬屳慘汭祔数湉潦朮挮灰਍㩈䝜瑩敒潰屳楍敮牣晡⵴牣晡楴杮琠扡敬䵜湩捥慲瑦挭慲瑦湩⁧慴汢履楍敮牣晡⵴牣晡楴杮琠扡敬䝜湥牥瑡摥䘠汩獥䅜灰砮浡൬䠊尺楇剴灥獯䵜湩捥慲瑦挭慲瑦湩⁧慴汢履楍敮牣晡⵴牣晡楴杮琠扡敬䵜湩捥慲瑦挭慲瑦湩⁧慴汢履敇敮慲整⁤楆敬屳潃浭湯卜慴摮牡卤祴敬⹳慸汭਍㩈䝜瑩敒潰屳楍敮牣晡⵴牣晡楴杮琠扡敬䵜湩捥慲瑦挭慲瑦湩⁧慴汢履楍敮牣晡⵴牣晡楴杮琠扡敬䝜湥牥瑡摥䘠汩獥䵜楡偮条⹥慸汭਍㩈䝜瑩敒潰屳楍敮牣晡⵴牣晡楴杮琠扡敬䵜湩捥慲瑦挭慲瑦湩⁧慴汢履楍敮牣晡⵴牣晡楴杮琠扡敬䑜扥杵灜楲潣普杩砮汭椮瑮牥敭楤瑡൥䠊尺楇剴灥獯䵜湩捥慲瑦挭慲瑦湩⁧慴汢履楍敮牣晡⵴牣晡楴杮琠扡敬䵜湩捥慲瑦挭慲瑦湩⁧慴汢履敄畢屧慬潹瑵爮獥楦敬⹳湩整浲摥慩整਍㩈䝜瑩敒潰屳楍敮牣晡⵴牣晡楴杮琠扡敬䵜湩捥慲瑦挭慲瑦湩⁧慴汢履楍敮牣晡⵴牣晡楴杮琠扡敬䑜扥杵牜獥畯捲獥爮獥楦敬⹳湩整浲摥慩整਍㩈䝜瑩敒潰屳楍敮牣晡⵴牣晡楴杮琠扡敬䵜湩捥慲瑦挭慲瑦湩⁧慴汢履楍敮牣晡⵴牣晡楴杮琠扡敬䑜扥杵灜楲爮獥楦敬⹳湩整浲摥慩整਍㩈䝜瑩敒潰屳楍敮牣晡⵴牣晡楴杮琠扡敬䵜湩捥慲瑦挭慲瑦湩⁧慴汢履楍敮牣晡⵴牣晡楴杮琠扡敬䑜扥杵灜楲潣普杩砮汭਍㩈䝜瑩敒潰屳楍敮牣晡⵴牣晡楴杮琠扡敬䵜湩捥慲瑦挭慲瑦湩⁧慴汢履楍敮牣晡⵴牣晡楴杮琠扡敬䑜扥杵汜祡畯⹴敲晳汩獥਍㩈䝜瑩敒潰屳楍敮牣晡⵴牣晡楴杮琠扡敬䵜湩捥慲瑦挭慲瑦湩⁧慴汢履楍敮牣晡⵴牣晡楴杮琠扡敬䑜扥杵牜獥畯捲獥爮獥楦敬൳䠊尺楇剴灥獯䵜湩捥慲瑦挭慲瑦湩⁧慴汢履楍敮牣晡⵴牣晡楴杮琠扡敬䵜湩捥慲瑦挭慲瑦湩⁧慴汢履敄畢屧牰⹩敲晳汩獥਍㩈䝜瑩敒潰屳楍敮牣晡⵴牣晡楴杮琠扡敬䵜湩捥慲瑦挭慲瑦湩⁧慴汢履敄畢屧楍敮牣晡⵴牣晡楴杮琠扡敬牜獥畯捲獥瀮楲਍㩈䝜瑩敒潰屳楍敮牣晡⵴牣晡楴杮琠扡敬䵜湩捥慲瑦挭慲瑦湩⁧慴汢履楍敮牣晡⵴牣晡楴杮琠扡敬䑜扥杵䱜湡畧条入慵楬楦牥⹳硴൴䠊尺楇剴灥獯䵜湩捥慲瑦挭慲瑦湩⁧慴汢履楍敮牣晡⵴牣晡楴杮琠扡敬䵜湩捥慲瑦挭慲瑦湩⁧慴汢履敄畢屧牐橯捥䅴捲楨整瑣牵獥琮瑸਍㩈䝜瑩敒潰屳楍敮牣晡⵴牣晡楴杮琠扡敬䵜湩捥慲瑦挭慲瑦湩⁧慴汢履敄畢屧楍敮牣晡⵴牣晡楴杮琠扡敬䅜灰䵸湡晩獥⹴浸൬䠊尺楇剴灥獯䵜湩捥慲瑦挭慲瑦湩⁧慴汢履楍敮牣晡⵴牣晡楴杮琠扡敬䑜扥杵䵜湩捥慲瑦挭慲瑦湩⁧慴汢履楍敮牣晡⵴牣晡楴杮琠扡敬戮極摬愮灰牸捥灩൥
h:\gitrepos\minecraft-crafting table\minecraft-crafting table\minecraft-crafting table\debug\vc120.pdb
h:\gitrepos\minecraft-crafting table\minecraft-crafting table\minecraft-crafting table\debug\vc120.idb
h:\gitrepos\minecraft-crafting table\minecraft-crafting table\minecraft-crafting table\debug\minecraftitems.obj
h:\gitrepos\minecraft-crafting table\minecraft-crafting table\minecraft-crafting table\debug\minecraf.047dce37.tlog\minecraft_crafting_table.winmd.lastbuild
h:\gitrepos\minecraft-crafting table\minecraft-crafting table\debug\minecraft-crafting table\minecraft-crafting table.lib
h:\gitrepos\minecraft-crafting table\minecraft-crafting table\debug\minecraft-crafting table\minecraft-crafting table.exp
h:\gitrepos\minecraft-crafting table\minecraft-crafting table\minecraft-crafting table\debug\minecraft-crafting table.vcxprojresolveassemblyreference.cache
h:\gitrepos\minecraft-crafting table\minecraft-crafting table\minecraft-crafting table\generated files\app.g.h
h:\gitrepos\minecraft-crafting table\minecraft-crafting table\minecraft-crafting table\generated files\app.g.hpp
h:\gitrepos\minecraft-crafting table\minecraft-crafting table\minecraft-crafting table\generated files\common\standardstyles.g.h
h:\gitrepos\minecraft-crafting table\minecraft-crafting table\minecraft-crafting table\generated files\common\standardstyles.g.hpp
h:\gitrepos\minecraft-crafting table\minecraft-crafting table\minecraft-crafting table\generated files\mainpage.g.h
h:\gitrepos\minecraft-crafting table\minecraft-crafting table\minecraft-crafting table\generated files\mainpage.g.hpp
h:\gitrepos\minecraft-crafting table\minecraft-crafting table\minecraft-crafting table\generated files\xamllibmetadataprovider.g.cpp
h:\gitrepos\minecraft-crafting table\minecraft-crafting table\minecraft-crafting table\generated files\xamltypeinfo.impl.g.cpp
h:\gitrepos\minecraft-crafting table\minecraft-crafting table\minecraft-crafting table\generated files\app.xaml
h:\gitrepos\minecraft-crafting table\minecraft-crafting table\minecraft-crafting table\generated files\common\standardstyles.xaml
h:\gitrepos\minecraft-crafting table\minecraft-crafting table\minecraft-crafting table\generated files\mainpage.xaml
h:\gitrepos\minecraft-crafting table\minecraft-crafting table\minecraft-crafting table\generated files\app.xbf
h:\gitrepos\minecraft-crafting table\minecraft-crafting table\minecraft-crafting table\generated files\common\standardstyles.xbf
h:\gitrepos\minecraft-crafting table\minecraft-crafting table\minecraft-crafting table\generated files\mainpage.xbf
h:\gitrepos\minecraft-crafting table\minecraft-crafting table\minecraft-crafting table\debug\xamlsavestatefile.xml
h:\gitrepos\minecraft-crafting table\minecraft-crafting table\minecraft-crafting table\generated files\xamltypeinfo.g.cpp
h:\gitrepos\minecraft-crafting table\minecraft-crafting table\debug\minecraft-crafting table\app.xbf
h:\gitrepos\minecraft-crafting table\minecraft-crafting table\debug\minecraft-crafting table\common\standardstyles.xbf
h:\gitrepos\minecraft-crafting table\minecraft-crafting table\debug\minecraft-crafting table\mainpage.xbf
h:\gitrepos\minecraft-crafting table\minecraft-crafting table\minecraft-crafting table\debug\priconfig.xml
h:\gitrepos\minecraft-crafting table\minecraft-crafting table\minecraft-crafting table\debug\priconfig.xml.intermediate
h:\gitrepos\minecraft-crafting table\minecraft-crafting table\minecraft-crafting table\debug\layout.resfiles
h:\gitrepos\minecraft-crafting table\minecraft-crafting table\minecraft-crafting table\debug\layout.resfiles.intermediate
h:\gitrepos\minecraft-crafting table\minecraft-crafting table\minecraft-crafting table\debug\resources.resfiles
h:\gitrepos\minecraft-crafting table\minecraft-crafting table\minecraft-crafting table\debug\resources.resfiles.intermediate
h:\gitrepos\minecraft-crafting table\minecraft-crafting table\minecraft-crafting table\debug\pri.resfiles
h:\gitrepos\minecraft-crafting table\minecraft-crafting table\minecraft-crafting table\debug\pri.resfiles.intermediate
h:\gitrepos\minecraft-crafting table\minecraft-crafting table\debug\minecraft-crafting table\resources.pri
h:\gitrepos\minecraft-crafting table\minecraft-crafting table\minecraft-crafting table\debug\qualifiers.txt
h:\gitrepos\minecraft-crafting table\minecraft-crafting table\minecraft-crafting table\debug\qualifiers.txt.intermediate
h:\gitrepos\minecraft-crafting table\minecraft-crafting table\minecraft-crafting table\debug\multiplequalifiersperdimensionfound.txt
h:\gitrepos\minecraft-crafting table\minecraft-crafting table\minecraft-crafting table\debug\resources.pri.xml
h:\gitrepos\minecraft-crafting table\minecraft-crafting table\minecraft-crafting table\debug\projectarchitectures.txt
h:\gitrepos\minecraft-crafting table\minecraft-crafting table\debug\minecraft-crafting table\appxmanifest.xml
h:\gitrepos\minecraft-crafting table\minecraft-crafting table\debug\minecraft-crafting table\minecraft-crafting table.build.appxrecipe
h:\gitrepos\minecraft-crafting table\minecraft-crafting table\minecraft-crafting table\debug\minecraft-crafting table.res
h:\gitrepos\minecraft-crafting table\minecraft-crafting table\minecraft-crafting table\debug\cl.10216.read.1.tlog
h:\gitrepos\minecraft-crafting table\minecraft-crafting table\minecraft-crafting table\debug\cl.10216.write.1.tlog
h:\gitrepos\minecraft-crafting table\minecraft-crafting table\minecraft-crafting table\debug\cl.10260.read.1.tlog
h:\gitrepos\minecraft-crafting table\minecraft-crafting table\minecraft-crafting table\debug\cl.10260.write.1.tlog
h:\gitrepos\minecraft-crafting table\minecraft-crafting table\minecraft-crafting table\debug\cl.10940.read.1.tlog
h:\gitrepos\minecraft-crafting table\minecraft-crafting table\minecraft-crafting table\debug\cl.10940.write.1.tlog
h:\gitrepos\minecraft-crafting table\minecraft-crafting table\minecraft-crafting table\debug\cl.3536.read.1.tlog
h:\gitrepos\minecraft-crafting table\minecraft-crafting table\minecraft-crafting table\debug\cl.3536.write.1.tlog
h:\gitrepos\minecraft-crafting table\minecraft-crafting table\minecraft-crafting table\debug\cl.4224.read.1.tlog
h:\gitrepos\minecraft-crafting table\minecraft-crafting table\minecraft-crafting table\debug\cl.4224.write.1.tlog
h:\gitrepos\minecraft-crafting table\minecraft-crafting table\minecraft-crafting table\debug\cl.6024.read.1.tlog
h:\gitrepos\minecraft-crafting table\minecraft-crafting table\minecraft-crafting table\debug\cl.6024.write.1.tlog
h:\gitrepos\minecraft-crafting table\minecraft-crafting table\minecraft-crafting table\debug\cl.7576.read.1.tlog
h:\gitrepos\minecraft-crafting table\minecraft-crafting table\minecraft-crafting table\debug\cl.7576.write.1.tlog
h:\gitrepos\minecraft-crafting table\minecraft-crafting table\minecraft-crafting table\debug\cl.command.1.tlog
h:\gitrepos\minecraft-crafting table\minecraft-crafting table\minecraft-crafting table\debug\cl.read.1.tlog
h:\gitrepos\minecraft-crafting table\minecraft-crafting table\minecraft-crafting table\debug\cl.write.1.tlog
h:\gitrepos\minecraft-crafting table\minecraft-crafting table\minecraft-crafting table\debug\link.6320.read.1.tlog
h:\gitrepos\minecraft-crafting table\minecraft-crafting table\minecraft-crafting table\debug\link.6320.write.1.tlog
h:\gitrepos\minecraft-crafting table\minecraft-crafting table\minecraft-crafting table\debug\link.9736.read.1.tlog
h:\gitrepos\minecraft-crafting table\minecraft-crafting table\minecraft-crafting table\debug\link.9736.write.1.tlog
h:\gitrepos\minecraft-crafting table\minecraft-crafting table\minecraft-crafting table\debug\link.command.1.tlog
h:\gitrepos\minecraft-crafting table\minecraft-crafting table\minecraft-crafting table\debug\link.read.1.tlog
h:\gitrepos\minecraft-crafting table\minecraft-crafting table\minecraft-crafting table\debug\link.write.1.tlog
h:\gitrepos\minecraft-crafting table\minecraft-crafting table\minecraft-crafting table\debug\minecraft-crafting table.read.1.tlog
h:\gitrepos\minecraft-crafting table\minecraft-crafting table\minecraft-crafting table\debug\minecraft-crafting table.write.1.tlog
h:\gitrepos\minecraft-crafting table\minecraft-crafting table\minecraft-crafting table\debug\vc110.idb
h:\gitrepos\minecraft-crafting table\minecraft-crafting table\minecraft-crafting table\debug\minecraf.047dce37.tlog\cl.command.1.tlog
h:\gitrepos\minecraft-crafting table\minecraft-crafting table\minecraft-crafting table\debug\minecraf.047dce37.tlog\cl.read.1.tlog
h:\gitrepos\minecraft-crafting table\minecraft-crafting table\minecraft-crafting table\debug\minecraf.047dce37.tlog\cl.write.1.tlog
h:\gitrepos\minecraft-crafting table\minecraft-crafting table\minecraft-crafting table\debug\minecraf.047dce37.tlog\link.command.1.tlog
h:\gitrepos\minecraft-crafting table\minecraft-crafting table\minecraft-crafting table\debug\minecraf.047dce37.tlog\link.read.1.tlog
h:\gitrepos\minecraft-crafting table\minecraft-crafting table\minecraft-crafting table\debug\minecraf.047dce37.tlog\link.write.1.tlog
h:\gitrepos\minecraft-crafting table\minecraft-crafting table\minecraft-crafting table\debug\minecraf.047dce37.tlog\minecraft-crafting table.read.1u.tlog
h:\gitrepos\minecraft-crafting table\minecraft-crafting table\minecraft-crafting table\debug\minecraf.047dce37.tlog\minecraft-crafting table.write.1u.tlog
h:\gitrepos\minecraft-crafting table\minecraft-crafting table\minecraft-crafting table\debug\minecraf.047dce37.tlog\rc.command.1.tlog
h:\gitrepos\minecraft-crafting table\minecraft-crafting table\minecraft-crafting table\debug\minecraf.047dce37.tlog\rc.read.1.tlog
h:\gitrepos\minecraft-crafting table\minecraft-crafting table\minecraft-crafting table\debug\minecraf.047dce37.tlog\rc.write.1.tlog
h:\gitrepos\minecraft-crafting table\minecraft-crafting table\minecraft-crafting table\generated files\xamltypeinfo.g.h
